{"level":"info","message":"Listening to Port 8000 ..."}
{"level":"info","message":"Connected to mongodb://localhost/vidly ... "}
{"level":"info","message":"Listening to Port 8000 ..."}
{"level":"info","message":"Connected to mongodb://localhost/vidly ... "}
{"level":"info","message":"Listening to Port 8000 ..."}
{"level":"info","message":"Connected to mongodb://localhost/vidly ... "}
{"level":"info","message":"Listening to Port 8000 ..."}
{"level":"info","message":"Connected to mongodb://localhost/vidly ... "}
{"level":"info","message":"Listening to Port 8000 ..."}
{"level":"info","message":"Connected to mongodb://localhost/vidly ... "}
{"level":"info","message":"Listening to Port 8000 ..."}
{"level":"info","message":"Connected to mongodb://localhost/vidly ... "}
{"level":"info","message":"Listening to Port 8000 ..."}
{"level":"info","message":"Connected to mongodb://localhost/vidly ... "}
{"level":"info","message":"Listening to Port 8000 ..."}
{"level":"info","message":"Connected to mongodb://localhost/vidly ... "}
{"level":"info","message":"Listening to Port 8000 ..."}
{"level":"info","message":"Connected to mongodb://localhost/vidly ... "}
{"level":"info","message":"Listening to Port 8000 ..."}
{"level":"info","message":"Listening to Port 8000 ..."}
{"level":"info","message":"Connected to mongodb://localhost/vidly ... "}
{"level":"info","message":"Listening to Port 8000 ..."}
{"level":"info","message":"Connected to mongodb://localhost/vidly ... "}
{"level":"info","message":"Listening to Port 8000 ..."}
{"level":"info","message":"Connected to mongodb://localhost/vidly ... "}
{"level":"info","message":"Listening to Port 8000 ..."}
{"level":"info","message":"Listening to Port 8000 ..."}
{"level":"info","message":"Listening to Port 8000 ..."}
{"level":"info","message":"Connected to mongodb://localhost/vidly_tests ... "}
{"level":"info","message":"Listening to Port 8000 ..."}
{"level":"info","message":"Listening to Port 8000 ..."}
{"level":"info","message":"Connected to mongodb://localhost/vidly_tests ... "}
{"level":"info","message":"Listening to Port 8000 ..."}
{"level":"info","message":"Connected to mongodb://localhost/vidly ... "}
{"level":"info","message":"Listening to Port 8000 ..."}
{"level":"info","message":"Connected to mongodb://localhost/vidly_tests ... "}
{"level":"info","message":"Listening to Port 8000 ..."}
{"level":"info","message":"Connected to mongodb://localhost/vidly_tests ... "}
{"level":"info","message":"Listening to Port 8000 ..."}
{"level":"info","message":"Connected to mongodb://localhost/vidly_tests ... "}
{"level":"info","message":"Listening to Port 8000 ..."}
{"level":"info","message":"Connected to mongodb://localhost/vidly_tests ... "}
{"level":"info","message":"Listening to Port 8000 ..."}
{"level":"info","message":"Connected to mongodb://localhost/vidly_tests ... "}
{"level":"info","message":"Listening to Port 8000 ..."}
{"level":"info","message":"Connected to mongodb://localhost/vidly_tests ... "}
{"level":"info","message":"Listening to Port 8000 ..."}
{"level":"info","message":"Connected to mongodb://localhost/vidly_tests ... "}
{"level":"info","message":"Listening to Port 8000 ..."}
{"level":"info","message":"Connected to mongodb://localhost/vidly_tests ... "}
{"level":"info","message":"Listening to Port 8000 ..."}
{"level":"info","message":"Connected to mongodb://localhost/vidly_tests ... "}
{"level":"info","message":"Listening to Port 8000 ..."}
{"level":"info","message":"Connected to mongodb://localhost/vidly_tests ... "}
{"level":"info","message":"Listening to Port 8000 ..."}
{"level":"info","message":"Connected to mongodb://localhost/vidly_tests ... "}
{"level":"info","message":"Listening to Port 8000 ..."}
{"level":"info","message":"Connected to mongodb://localhost/vidly_tests ... "}
{"level":"info","message":"Listening to Port 8000 ..."}
{"level":"info","message":"Connected to mongodb://localhost/vidly_tests ... "}
{"level":"info","message":"Listening to Port 8000 ..."}
{"level":"info","message":"Connected to mongodb://localhost/vidly_tests ... "}
{"level":"info","message":"Listening to Port 8000 ..."}
{"level":"info","message":"Connected to mongodb://localhost/vidly_tests ... "}
{"level":"info","message":"Listening to Port 8000 ..."}
{"level":"info","message":"Connected to mongodb://localhost/vidly_tests ... "}
{"level":"info","message":"Listening to Port 8000 ..."}
{"level":"info","message":"Connected to mongodb://localhost/vidly_tests ... "}
{"level":"info","message":"Listening to Port 8000 ..."}
{"level":"info","message":"Connected to mongodb://localhost/vidly_tests ... "}
{"level":"info","message":"Listening to Port 8000 ..."}
{"level":"info","message":"Connected to mongodb://localhost/vidly_tests ... "}
{"level":"info","message":"Listening to Port 8000 ..."}
{"level":"info","message":"Connected to mongodb://localhost/vidly_tests ... "}
{"level":"info","message":"Listening to Port 8000 ..."}
{"level":"info","message":"Connected to mongodb://localhost/vidly_tests ... "}
{"level":"info","message":"Listening to Port 8000 ..."}
{"level":"info","message":"Connected to mongodb://localhost/vidly_tests ... "}
{"level":"info","message":"Listening to Port 8000 ..."}
{"level":"info","message":"Connected to mongodb://localhost/vidly_tests ... "}
{"level":"info","message":"Listening to Port 8000 ..."}
{"level":"info","message":"Connected to mongodb://localhost/vidly_tests ... "}
{"level":"info","message":"Listening to Port 8000 ..."}
{"level":"info","message":"Connected to mongodb://localhost/vidly_tests ... "}
{"level":"info","message":"Listening to Port 8000 ..."}
{"level":"info","message":"Connected to mongodb://localhost/vidly_tests ... "}
{"level":"info","message":"Listening to Port 8000 ..."}
{"level":"info","message":"Connected to mongodb://localhost/vidly_tests ... "}
{"level":"info","message":"Listening to Port 8000 ..."}
{"level":"info","message":"Connected to mongodb://localhost/vidly_tests ... "}
{"level":"info","message":"Listening to Port 8000 ..."}
{"level":"info","message":"Connected to mongodb://localhost/vidly_tests ... "}
{"level":"info","message":"Listening to Port 8000 ..."}
{"level":"info","message":"Connected to mongodb://localhost/vidly_tests ... "}
{"level":"info","message":"Listening to Port 8000 ..."}
{"level":"info","message":"Connected to mongodb://localhost/vidly_tests ... "}
{"level":"info","message":"Listening to Port 8000 ..."}
{"level":"info","message":"Connected to mongodb://localhost/vidly_tests ... "}
{"level":"info","message":"Listening to Port 8000 ..."}
{"level":"info","message":"Connected to mongodb://localhost/vidly_tests ... "}
{"level":"info","message":"Listening to Port 8000 ..."}
{"level":"info","message":"Connected to mongodb://localhost/vidly_tests ... "}
{"level":"error","message":"Cast to ObjectId failed for value \":id657c229304e53e634955b284\" (type string) at path \"_id\" for model \"Genre\""}
{"level":"info","message":"Listening to Port 8000 ..."}
{"level":"info","message":"Connected to mongodb://localhost/vidly_tests ... "}
{"level":"error","message":"Cast to ObjectId failed for value \":id657c22cd75404bc07c7dc9fe\" (type string) at path \"_id\" for model \"Genre\""}
{"level":"info","message":"Listening to Port 8000 ..."}
{"level":"info","message":"Connected to mongodb://localhost/vidly_tests ... "}
{"level":"error","message":"Cast to ObjectId failed for value \":id657c22e8549b6a544f8b1944\" (type string) at path \"_id\" for model \"Genre\""}
{"level":"info","message":"Listening to Port 8000 ..."}
{"level":"info","message":"Connected to mongodb://localhost/vidly_tests ... "}
{"level":"error","message":"Cast to ObjectId failed for value \":id657c23231eecc8e4d6f5d0d5\" (type string) at path \"_id\" for model \"Genre\""}
{"level":"info","message":"Listening to Port 8000 ..."}
{"level":"info","message":"Connected to mongodb://localhost/vidly_tests ... "}
{"level":"error","message":"Cast to ObjectId failed for value \":id657c236037b7fd23b91f056d\" (type string) at path \"_id\" for model \"Genre\""}
{"level":"info","message":"Listening to Port 8000 ..."}
{"level":"info","message":"Connected to mongodb://localhost/vidly_tests ... "}
{"level":"error","message":"Cast to ObjectId failed for value \":id657c237205599c81e4afd247\" (type string) at path \"_id\" for model \"Genre\""}
{"level":"info","message":"Listening to Port 8000 ..."}
{"level":"info","message":"Connected to mongodb://localhost/vidly_tests ... "}
{"level":"error","message":"Cast to ObjectId failed for value \":id657c237537c30808c7d2d576\" (type string) at path \"_id\" for model \"Genre\""}
{"level":"info","message":"Listening to Port 8000 ..."}
{"level":"info","message":"Connected to mongodb://localhost/vidly_tests ... "}
{"level":"info","message":"Listening to Port 8000 ..."}
{"level":"info","message":"Connected to mongodb://localhost/vidly_tests ... "}
{"level":"info","message":"Listening to Port 8000 ..."}
{"level":"info","message":"Connected to mongodb://localhost/vidly_tests ... "}
{"level":"info","message":"Listening to Port 8000 ..."}
{"level":"info","message":"Connected to mongodb://localhost/vidly_tests ... "}
{"level":"error","message":"Cast to ObjectId failed for value \"1\" (type string) at path \"_id\" for model \"Genre\""}
{"level":"info","message":"Listening to Port 8000 ..."}
{"level":"info","message":"Connected to mongodb://localhost/vidly_tests ... "}
{"level":"error","message":"mongoose is not defined"}
{"level":"error","message":"mongoose is not defined"}
{"level":"info","message":"Listening to Port 8000 ..."}
{"level":"info","message":"Connected to mongodb://localhost/vidly_tests ... "}
{"level":"error","message":"mongoose is not defined"}
{"level":"error","message":"mongoose is not defined"}
{"level":"info","message":"Listening to Port 8000 ..."}
{"level":"info","message":"Connected to mongodb://localhost/vidly_tests ... "}
{"level":"error","message":"mongoose is not defined"}
{"level":"error","message":"mongoose is not defined"}
{"level":"info","message":"Listening to Port 8000 ..."}
{"level":"info","message":"Connected to mongodb://localhost/vidly_tests ... "}
{"level":"error","message":"mongoose is not defined"}
{"level":"error","message":"mongoose is not defined"}
{"level":"info","message":"Listening to Port 8000 ..."}
{"level":"info","message":"Connected to mongodb://localhost/vidly_tests ... "}
{"level":"error","message":"mongoose is not defined"}
{"level":"error","message":"mongoose is not defined"}
{"level":"info","message":"Listening to Port 8000 ..."}
{"level":"info","message":"Connected to mongodb://localhost/vidly_tests ... "}
{"level":"error","message":"mongoose is not defined"}
{"level":"error","message":"mongoose is not defined"}
{"level":"info","message":"Listening to Port 8000 ..."}
{"level":"info","message":"Connected to mongodb://localhost/vidly_tests ... "}
{"level":"error","message":"Cast to ObjectId failed for value \"1\" (type string) at path \"_id\" for model \"Genre\""}
{"level":"info","message":"Listening to Port 8000 ..."}
{"level":"info","message":"Connected to mongodb://localhost/vidly_tests ... "}
{"level":"info","message":"Listening to Port 8000 ..."}
{"level":"info","message":"Connected to mongodb://localhost/vidly_tests ... "}
{"level":"info","message":"Listening to Port 8000 ..."}
{"level":"info","message":"Connected to mongodb://localhost/vidly_tests ... "}
{"level":"info","message":"Listening to Port 8000 ..."}
{"level":"info","message":"Connected to mongodb://localhost/vidly_tests ... "}
{"level":"info","message":"Listening to Port 8000 ..."}
{"level":"info","message":"Connected to mongodb://localhost/vidly_tests ... "}
{"level":"info","message":"Listening to Port 8000 ..."}
{"level":"info","message":"Connected to mongodb://localhost/vidly_tests ... "}
{"level":"info","message":"Listening to Port 8000 ..."}
{"level":"info","message":"Connected to mongodb://localhost/vidly_tests ... "}
{"level":"info","message":"Listening to Port 8000 ..."}
{"level":"info","message":"Connected to mongodb://localhost/vidly_tests ... "}
{"level":"info","message":"Listening to Port 8000 ..."}
{"level":"info","message":"Connected to mongodb://localhost/vidly_tests ... "}
{"level":"info","message":"Listening to Port 8000 ..."}
{"level":"info","message":"Connected to mongodb://localhost/vidly_tests ... "}
{"level":"info","message":"Listening to Port 8000 ..."}
{"level":"info","message":"Connected to mongodb://localhost/vidly_tests ... "}
{"level":"info","message":"Listening to Port 8000 ..."}
{"level":"info","message":"Connected to mongodb://localhost/vidly_tests ... "}
{"level":"info","message":"Listening to Port 8000 ..."}
{"level":"info","message":"Connected to mongodb://localhost/vidly_tests ... "}
{"level":"info","message":"Listening to Port 8000 ..."}
{"level":"info","message":"Connected to mongodb://localhost/vidly_tests ... "}
{"level":"info","message":"Listening to Port 8000 ..."}
{"level":"info","message":"Connected to mongodb://localhost/vidly_tests ... "}
{"level":"info","message":"Listening to Port 8000 ..."}
{"level":"info","message":"Connected to mongodb://localhost/vidly_tests ... "}
{"level":"info","message":"Listening to Port 8000 ..."}
{"level":"info","message":"Connected to mongodb://localhost/vidly_tests ... "}
{"level":"info","message":"Listening to Port 8000 ..."}
{"level":"info","message":"Connected to mongodb://localhost/vidly_tests ... "}
{"level":"info","message":"Listening to Port 8000 ..."}
{"level":"info","message":"Connected to mongodb://localhost/vidly_tests ... "}
{"level":"info","message":"Listening to Port 8000 ..."}
{"level":"info","message":"Connected to mongodb://localhost/vidly_tests ... "}
{"level":"info","message":"Listening to Port 8000 ..."}
{"level":"info","message":"Connected to mongodb://localhost/vidly_tests ... "}
{"level":"info","message":"Listening to Port 8000 ..."}
{"level":"info","message":"Connected to mongodb://localhost/vidly_tests ... "}
{"level":"info","message":"Listening to Port 8000 ..."}
{"level":"info","message":"Connected to mongodb://localhost/vidly_tests ... "}
{"level":"info","message":"Listening to Port 8000 ..."}
{"level":"info","message":"Connected to mongodb://localhost/vidly_tests ... "}
{"level":"info","message":"Listening to Port 8000 ..."}
{"level":"info","message":"Connected to mongodb://localhost/vidly_tests ... "}
{"level":"info","message":"Listening to Port 8000 ..."}
{"level":"info","message":"Connected to mongodb://localhost/vidly_tests ... "}
{"level":"info","message":"Listening to Port 8000 ..."}
{"level":"info","message":"Connected to mongodb://localhost/vidly_tests ... "}
{"level":"info","message":"Listening to Port 8000 ..."}
{"level":"info","message":"Connected to mongodb://localhost/vidly_tests ... "}
{"level":"info","message":"Listening to Port 8000 ..."}
{"level":"info","message":"Connected to mongodb://localhost/vidly_tests ... "}
{"level":"info","message":"Listening to Port 8000 ..."}
{"level":"info","message":"Connected to mongodb://localhost/vidly_tests ... "}
{"level":"info","message":"Listening to Port 8000 ..."}
{"level":"info","message":"Connected to mongodb://localhost/vidly_tests ... "}
{"level":"info","message":"Listening to Port 8000 ..."}
{"level":"info","message":"Connected to mongodb://localhost/vidly_tests ... "}
{"level":"info","message":"Listening to Port 8000 ..."}
{"level":"info","message":"Connected to mongodb://localhost/vidly_tests ... "}
{"level":"info","message":"Listening to Port 8000 ..."}
{"level":"info","message":"Connected to mongodb://localhost/vidly_tests ... "}
{"level":"info","message":"Listening to Port 8000 ..."}
{"level":"info","message":"Connected to mongodb://localhost/vidly_tests ... "}
{"level":"info","message":"Listening to Port 8000 ..."}
{"level":"info","message":"Connected to mongodb://localhost/vidly_tests ... "}
{"level":"info","message":"Listening to Port 8000 ..."}
{"level":"info","message":"Connected to mongodb://localhost/vidly_tests ... "}
{"level":"info","message":"Listening to Port 8000 ..."}
{"level":"info","message":"Connected to mongodb://localhost/vidly_tests ... "}
{"level":"info","message":"Listening to Port 8000 ..."}
{"level":"info","message":"Connected to mongodb://localhost/vidly_tests ... "}
{"level":"info","message":"Listening to Port 8000 ..."}
{"level":"info","message":"Connected to mongodb://localhost/vidly_tests ... "}
{"level":"info","message":"Listening to Port 8000 ..."}
{"level":"info","message":"Connected to mongodb://localhost/vidly_tests ... "}
{"level":"info","message":"Listening to Port 8000 ..."}
{"level":"info","message":"Connected to mongodb://localhost/vidly_tests ... "}
{"level":"info","message":"Listening to Port 8000 ..."}
{"level":"info","message":"Connected to mongodb://localhost/vidly_tests ... "}
{"level":"info","message":"Listening to Port 8000 ..."}
{"level":"info","message":"Connected to mongodb://localhost/vidly_tests ... "}
{"level":"info","message":"Listening to Port 8000 ..."}
{"level":"info","message":"Connected to mongodb://localhost/vidly_tests ... "}
{"level":"info","message":"Listening to Port 8000 ..."}
{"level":"info","message":"Connected to mongodb://localhost/vidly_tests ... "}
{"level":"info","message":"Listening to Port 8000 ..."}
{"level":"info","message":"Connected to mongodb://localhost/vidly_tests ... "}
{"level":"info","message":"Listening to Port 8000 ..."}
{"level":"info","message":"Connected to mongodb://localhost/vidly_tests ... "}
{"level":"info","message":"Listening to Port 8000 ..."}
{"level":"info","message":"Connected to mongodb://localhost/vidly_tests ... "}
{"level":"info","message":"Listening to Port 8000 ..."}
{"level":"info","message":"Connected to mongodb://localhost/vidly_tests ... "}
{"level":"info","message":"Listening to Port 8000 ..."}
{"level":"info","message":"Connected to mongodb://localhost/vidly_tests ... "}
{"level":"info","message":"Listening to Port 8000 ..."}
{"level":"info","message":"Connected to mongodb://localhost/vidly_tests ... "}
{"level":"info","message":"Listening to Port 8000 ..."}
{"level":"info","message":"Connected to mongodb://localhost/vidly_tests ... "}
{"level":"info","message":"Listening to Port 8000 ..."}
{"level":"info","message":"Connected to mongodb://localhost/vidly_tests ... "}
{"level":"info","message":"Listening to Port 8000 ..."}
{"level":"info","message":"Connected to mongodb://localhost/vidly_tests ... "}
{"level":"info","message":"Listening to Port 8000 ..."}
{"level":"info","message":"Connected to mongodb://localhost/vidly_tests ... "}
{"level":"info","message":"Listening to Port 8000 ..."}
{"level":"info","message":"Connected to mongodb://localhost/vidly_tests ... "}
{"level":"info","message":"Listening to Port 8000 ..."}
{"level":"info","message":"Connected to mongodb://localhost/vidly_tests ... "}
{"level":"info","message":"Listening to Port 8000 ..."}
{"level":"info","message":"Connected to mongodb://localhost/vidly_tests ... "}
{"level":"info","message":"Listening to Port 8000 ..."}
{"level":"info","message":"Connected to mongodb://localhost/vidly_tests ... "}
{"level":"info","message":"Listening to Port 8000 ..."}
{"level":"info","message":"Connected to mongodb://localhost/vidly_tests ... "}
{"level":"info","message":"Listening to Port 8000 ..."}
{"level":"info","message":"Connected to mongodb://localhost/vidly_tests ... "}
{"level":"info","message":"Listening to Port 8000 ..."}
{"level":"info","message":"Connected to mongodb://localhost/vidly_tests ... "}
{"level":"info","message":"Listening to Port 8000 ..."}
{"level":"info","message":"Connected to mongodb://localhost/vidly_tests ... "}
{"level":"info","message":"Listening to Port 8000 ..."}
{"level":"info","message":"Connected to mongodb://localhost/vidly_tests ... "}
{"level":"info","message":"Listening to Port 8000 ..."}
{"level":"info","message":"Connected to mongodb://localhost/vidly_tests ... "}
{"level":"info","message":"Listening to Port 8000 ..."}
{"level":"info","message":"Connected to mongodb://localhost/vidly_tests ... "}
{"level":"info","message":"Listening to Port 8000 ..."}
{"level":"info","message":"Connected to mongodb://localhost/vidly_tests ... "}
{"level":"info","message":"Listening to Port 8000 ..."}
{"level":"info","message":"Connected to mongodb://localhost/vidly_tests ... "}
{"level":"info","message":"Listening to Port 8000 ..."}
{"level":"info","message":"Connected to mongodb://localhost/vidly_tests ... "}
{"level":"info","message":"Listening to Port 8000 ..."}
{"level":"info","message":"Connected to mongodb://localhost/vidly_tests ... "}
{"level":"info","message":"Listening to Port 8000 ..."}
{"level":"info","message":"Connected to mongodb://localhost/vidly_tests ... "}
{"level":"info","message":"Listening to Port 8000 ..."}
{"level":"info","message":"Connected to mongodb://localhost/vidly_tests ... "}
{"level":"info","message":"Listening to Port 8000 ..."}
{"level":"info","message":"Connected to mongodb://localhost/vidly_tests ... "}
{"level":"info","message":"Listening to Port 8000 ..."}
{"level":"info","message":"Connected to mongodb://localhost/vidly_tests ... "}
{"level":"info","message":"Listening to Port 8000 ..."}
{"level":"info","message":"Connected to mongodb://localhost/vidly_tests ... "}
{"level":"info","message":"Listening to Port 8000 ..."}
{"level":"info","message":"Connected to mongodb://localhost/vidly_tests ... "}
{"level":"info","message":"Listening to Port 8000 ..."}
{"level":"info","message":"Connected to mongodb://localhost/vidly_tests ... "}
{"level":"info","message":"Listening to Port 8000 ..."}
{"level":"info","message":"Connected to mongodb://localhost/vidly_tests ... "}
{"level":"info","message":"Listening to Port 8000 ..."}
{"level":"info","message":"Connected to mongodb://localhost/vidly_tests ... "}
{"level":"info","message":"Listening to Port 8000 ..."}
{"level":"info","message":"Connected to mongodb://localhost/vidly_tests ... "}
{"level":"info","message":"Listening to Port 8000 ..."}
{"level":"info","message":"Connected to mongodb://localhost/vidly_tests ... "}
{"level":"info","message":"Listening to Port 8000 ..."}
{"level":"info","message":"Connected to mongodb://localhost/vidly_tests ... "}
{"level":"info","message":"Listening to Port 8000 ..."}
{"level":"info","message":"Connected to mongodb://localhost/vidly_tests ... "}
{"level":"info","message":"Listening to Port 8000 ..."}
{"level":"info","message":"Connected to mongodb://localhost/vidly_tests ... "}
{"level":"info","message":"Listening to Port 8000 ..."}
{"level":"info","message":"Connected to mongodb://localhost/vidly_tests ... "}
{"level":"info","message":"Listening to Port 8000 ..."}
{"level":"info","message":"Connected to mongodb://localhost/vidly_tests ... "}
{"level":"info","message":"Listening to Port 8000 ..."}
{"level":"info","message":"Connected to mongodb://localhost/vidly_tests ... "}
{"level":"info","message":"Listening to Port 8000 ..."}
{"level":"info","message":"Connected to mongodb://localhost/vidly_tests ... "}
{"level":"info","message":"Listening to Port 8000 ..."}
{"level":"info","message":"Connected to mongodb://localhost/vidly_tests ... "}
{"level":"info","message":"Listening to Port 8000 ..."}
{"level":"info","message":"Connected to mongodb://localhost/vidly_tests ... "}
{"level":"info","message":"Listening to Port 8000 ..."}
{"level":"info","message":"Connected to mongodb://localhost/vidly_tests ... "}
{"level":"info","message":"Listening to Port 8000 ..."}
{"level":"info","message":"Connected to mongodb://localhost/vidly_tests ... "}
{"level":"info","message":"Listening to Port 8000 ..."}
{"level":"info","message":"Connected to mongodb://localhost/vidly_tests ... "}
{"level":"info","message":"Listening to Port 8000 ..."}
{"level":"info","message":"Connected to mongodb://localhost/vidly_tests ... "}
{"level":"info","message":"Listening to Port 8000 ..."}
{"level":"info","message":"Connected to mongodb://localhost/vidly_tests ... "}
{"level":"info","message":"Listening to Port 8000 ..."}
{"level":"info","message":"Connected to mongodb://localhost/vidly_tests ... "}
{"level":"info","message":"Listening to Port 8000 ..."}
{"level":"info","message":"Connected to mongodb://localhost/vidly_tests ... "}
{"level":"info","message":"Listening to Port 8000 ..."}
{"level":"info","message":"Connected to mongodb://localhost/vidly_tests ... "}
{"level":"info","message":"Listening to Port 8000 ..."}
{"level":"info","message":"Connected to mongodb://localhost/vidly_tests ... "}
{"level":"info","message":"Listening to Port 8000 ..."}
{"level":"info","message":"Connected to mongodb://localhost/vidly_tests ... "}
{"level":"info","message":"Listening to Port 8000 ..."}
{"level":"info","message":"Connected to mongodb://localhost/vidly_tests ... "}
{"level":"info","message":"Listening to Port 8000 ..."}
{"level":"info","message":"Connected to mongodb://localhost/vidly_tests ... "}
{"level":"info","message":"Listening to Port 8000 ..."}
{"level":"info","message":"Connected to mongodb://localhost/vidly_tests ... "}
{"level":"info","message":"Listening to Port 8000 ..."}
{"level":"info","message":"Connected to mongodb://localhost/vidly_tests ... "}
{"level":"info","message":"Listening to Port 8000 ..."}
{"level":"info","message":"Connected to mongodb://localhost/vidly_tests ... "}
{"level":"info","message":"Listening to Port 8000 ..."}
{"level":"info","message":"Connected to mongodb://localhost/vidly_tests ... "}
{"level":"info","message":"Listening to Port 8000 ..."}
{"level":"info","message":"Connected to mongodb://localhost/vidly_tests ... "}
{"level":"info","message":"Listening to Port 8000 ..."}
{"level":"info","message":"Connected to mongodb://localhost/vidly_tests ... "}
{"level":"info","message":"Listening to Port 8000 ..."}
{"level":"info","message":"Connected to mongodb://localhost/vidly_tests ... "}
{"level":"info","message":"Listening to Port 8000 ..."}
{"level":"info","message":"Connected to mongodb://localhost/vidly_tests ... "}
{"level":"info","message":"Listening to Port 8000 ..."}
{"level":"info","message":"Connected to mongodb://localhost/vidly_tests ... "}
{"level":"info","message":"Listening to Port 8000 ..."}
{"level":"info","message":"Connected to mongodb://localhost/vidly_tests ... "}
{"level":"info","message":"Listening to Port 8000 ..."}
{"level":"info","message":"Connected to mongodb://localhost/vidly_tests ... "}
{"level":"info","message":"Listening to Port 8000 ..."}
{"level":"info","message":"Connected to mongodb://localhost/vidly_tests ... "}
{"level":"info","message":"Listening to Port 8000 ..."}
{"level":"info","message":"Connected to mongodb://localhost/vidly_tests ... "}
{"level":"info","message":"Listening to Port 8000 ..."}
{"level":"info","message":"Connected to mongodb://localhost/vidly_tests ... "}
{"level":"info","message":"Listening to Port 8000 ..."}
{"level":"info","message":"Connected to mongodb://localhost/vidly_tests ... "}
{"level":"info","message":"Listening to Port 8000 ..."}
{"level":"info","message":"Connected to mongodb://localhost/vidly_tests ... "}
{"level":"info","message":"Listening to Port 8000 ..."}
{"level":"info","message":"Connected to mongodb://localhost/vidly_tests ... "}
{"level":"info","message":"Listening to Port 8000 ..."}
{"level":"info","message":"Connected to mongodb://localhost/vidly_tests ... "}
{"level":"info","message":"Listening to Port 8000 ..."}
{"level":"info","message":"Connected to mongodb://localhost/vidly_tests ... "}
{"level":"info","message":"Listening to Port 8000 ..."}
{"level":"info","message":"Connected to mongodb://localhost/vidly_tests ... "}
{"level":"info","message":"Listening to Port 8000 ..."}
{"level":"info","message":"Connected to mongodb://localhost/vidly_tests ... "}
{"level":"info","message":"Listening to Port 8000 ..."}
{"level":"info","message":"Connected to mongodb://localhost/vidly_tests ... "}
{"level":"info","message":"Listening to Port 8000 ..."}
{"level":"info","message":"Connected to mongodb://localhost/vidly_tests ... "}
{"level":"info","message":"Listening to Port 8000 ..."}
{"level":"info","message":"Connected to mongodb://localhost/vidly_tests ... "}
{"level":"info","message":"Listening to Port 8000 ..."}
{"level":"info","message":"Connected to mongodb://localhost/vidly_tests ... "}
{"level":"info","message":"Listening to Port 8000 ..."}
{"level":"info","message":"Connected to mongodb://localhost/vidly_tests ... "}
{"level":"info","message":"Listening to Port 8000 ..."}
{"level":"info","message":"Connected to mongodb://localhost/vidly_tests ... "}
{"level":"info","message":"Listening to Port 8000 ..."}
{"level":"info","message":"Connected to mongodb://localhost/vidly_tests ... "}
{"level":"info","message":"Listening to Port 8000 ..."}
{"level":"info","message":"Connected to mongodb://localhost/vidly_tests ... "}
{"level":"info","message":"Listening to Port 8000 ..."}
{"level":"info","message":"Connected to mongodb://localhost/vidly_tests ... "}
{"level":"info","message":"Listening to Port 8000 ..."}
{"level":"info","message":"Connected to mongodb://localhost/vidly_tests ... "}
{"level":"info","message":"Listening to Port 8000 ..."}
{"level":"info","message":"Connected to mongodb://localhost/vidly_tests ... "}
{"level":"info","message":"Listening to Port 8000 ..."}
{"level":"info","message":"Connected to mongodb://localhost/vidly_tests ... "}
{"level":"info","message":"Listening to Port 8000 ..."}
{"level":"info","message":"Connected to mongodb://localhost/vidly_tests ... "}
{"level":"info","message":"Listening to Port 8000 ..."}
{"level":"info","message":"Connected to mongodb://localhost/vidly_tests ... "}
{"level":"info","message":"Listening to Port 8000 ..."}
{"level":"info","message":"Connected to mongodb://localhost/vidly_tests ... "}
{"level":"info","message":"Listening to Port 8000 ..."}
{"level":"info","message":"Connected to mongodb://localhost/vidly_tests ... "}
{"level":"info","message":"Listening to Port 8000 ..."}
{"level":"info","message":"Connected to mongodb://localhost/vidly_tests ... "}
{"level":"info","message":"Listening to Port 8000 ..."}
{"level":"info","message":"Connected to mongodb://localhost/vidly_tests ... "}
{"level":"info","message":"Listening to Port 8000 ..."}
{"level":"info","message":"Connected to mongodb://localhost/vidly_tests ... "}
{"level":"info","message":"Listening to Port 8000 ..."}
{"level":"info","message":"Connected to mongodb://localhost/vidly_tests ... "}
{"level":"info","message":"Listening to Port 8000 ..."}
{"level":"info","message":"Connected to mongodb://localhost/vidly_tests ... "}
{"level":"error","message":"Cast to ObjectId failed for value \"1\" (type string) at path \"_id\" for model \"Genre\""}
{"level":"error","message":"Cast to ObjectId failed for value \"1\" (type string) at path \"_id\" for model \"Genre\""}
{"level":"info","message":"Listening to Port 8000 ..."}
{"level":"info","message":"Connected to mongodb://localhost/vidly_tests ... "}
{"level":"info","message":"Listening to Port 8000 ..."}
{"level":"info","message":"Connected to mongodb://localhost/vidly_tests ... "}
{"level":"error","message":"Cast to ObjectId failed for value \"1\" (type string) at path \"_id\" for model \"Genre\""}
{"level":"error","message":"Cast to ObjectId failed for value \"1\" (type string) at path \"_id\" for model \"Genre\""}
{"level":"info","message":"Listening to Port 8000 ..."}
{"level":"info","message":"Connected to mongodb://localhost/vidly_tests ... "}
{"level":"info","message":"Listening to Port 8000 ..."}
{"level":"info","message":"Connected to mongodb://localhost/vidly_tests ... "}
{"level":"error","message":"Cast to ObjectId failed for value \"1\" (type string) at path \"_id\" for model \"Genre\""}
{"level":"error","message":"Cast to ObjectId failed for value \"1\" (type string) at path \"_id\" for model \"Genre\""}
{"level":"info","message":"Listening to Port 8000 ..."}
{"level":"info","message":"Connected to mongodb://localhost/vidly_tests ... "}
{"level":"info","message":"Listening to Port 8000 ..."}
{"level":"info","message":"Connected to mongodb://localhost/vidly_tests ... "}
{"level":"error","message":"Cast to ObjectId failed for value \"1\" (type string) at path \"_id\" for model \"Genre\""}
{"level":"error","message":"Cast to ObjectId failed for value \"1\" (type string) at path \"_id\" for model \"Genre\""}
{"level":"info","message":"Listening to Port 8000 ..."}
{"level":"info","message":"Connected to mongodb://localhost/vidly_tests ... "}
{"level":"info","message":"Listening to Port 8000 ..."}
{"level":"info","message":"Connected to mongodb://localhost/vidly_tests ... "}
{"level":"error","message":"Cast to ObjectId failed for value \"1\" (type string) at path \"_id\" for model \"Genre\""}
{"level":"error","message":"Cast to ObjectId failed for value \"1\" (type string) at path \"_id\" for model \"Genre\""}
{"level":"info","message":"Listening to Port 8000 ..."}
{"level":"info","message":"Connected to mongodb://localhost/vidly_tests ... "}
{"level":"info","message":"Listening to Port 8000 ..."}
{"level":"info","message":"Connected to mongodb://localhost/vidly_tests ... "}
{"level":"error","message":"Cast to ObjectId failed for value \"1\" (type string) at path \"_id\" for model \"Genre\""}
{"level":"error","message":"Cast to ObjectId failed for value \"1\" (type string) at path \"_id\" for model \"Genre\""}
{"level":"info","message":"Listening to Port 8000 ..."}
{"level":"info","message":"Connected to mongodb://localhost/vidly_tests ... "}
{"level":"info","message":"Listening to Port 8000 ..."}
{"level":"info","message":"Connected to mongodb://localhost/vidly_tests ... "}
{"level":"error","message":"Cast to ObjectId failed for value \"1\" (type string) at path \"_id\" for model \"Genre\""}
{"level":"error","message":"Cast to ObjectId failed for value \"1\" (type string) at path \"_id\" for model \"Genre\""}
{"level":"info","message":"Listening to Port 8000 ..."}
{"level":"info","message":"Connected to mongodb://localhost/vidly_tests ... "}
{"level":"info","message":"Listening to Port 8000 ..."}
{"level":"info","message":"Connected to mongodb://localhost/vidly_tests ... "}
{"level":"error","message":"Cast to ObjectId failed for value \"1\" (type string) at path \"_id\" for model \"Genre\""}
{"level":"error","message":"Cast to ObjectId failed for value \"1\" (type string) at path \"_id\" for model \"Genre\""}
{"level":"info","message":"Listening to Port 8000 ..."}
{"level":"info","message":"Connected to mongodb://localhost/vidly_tests ... "}
{"level":"info","message":"Listening to Port 8000 ..."}
{"level":"info","message":"Connected to mongodb://localhost/vidly_tests ... "}
{"level":"error","message":"Cast to ObjectId failed for value \"1\" (type string) at path \"_id\" for model \"Genre\""}
{"level":"error","message":"Cast to ObjectId failed for value \"1\" (type string) at path \"_id\" for model \"Genre\""}
{"level":"info","message":"Listening to Port 8000 ..."}
{"level":"info","message":"Connected to mongodb://localhost/vidly_tests ... "}
{"level":"info","message":"Listening to Port 8000 ..."}
{"level":"info","message":"Connected to mongodb://localhost/vidly_tests ... "}
{"level":"info","message":"Listening to Port 8000 ..."}
{"level":"info","message":"Connected to mongodb://localhost/vidly_tests ... "}
{"level":"info","message":"Listening to Port 8000 ..."}
{"level":"info","message":"Connected to mongodb://localhost/vidly_tests ... "}
{"level":"info","message":"Listening to Port 8000 ..."}
{"level":"info","message":"Connected to mongodb://localhost/vidly_tests ... "}
